Comissão da reforma política aprova fundo de R$ 3,6 bilhões e o 'distritão'
O jogo da inflação e do ajuste
Emprego formal reage em metade dos Estados
Partido de Temer diz que não vota aumento de imposto
Aumento de Imposto de Renda afetaria apenas 325 mil brasileiros
PF abre operação contra esquema de receptação de cargas roubadas
Lula ajudou a isentar Aécio Neves no caso Furnas
Ouça o podcast do 'Estadão' com as principais análises do dia
Palmeiras perde nos pênaltis e é eliminado
Lava Jato 'não se opõe' a devolver passaporte da filha de Eduardo Cunha
Fux valida 'monstruosa' delação de ex-governador
Coreia do Norte quer lançar 4 mísseis contra Guam
Governo revoga MPs da reoneração da folha e da 'Carne Fraca'
Tudo à venda
É de Primeiro Mundo
Casal briga na justiça por guarda de yorkshire
Partido de Temer diz que não vota aumento de imposto
O irmão do meio
Processo para escolha de novo CEO do Citi esquenta
As noites do Jaburu
Desconexão
ArCênico: Vestindo a carapuça grega
Após 632 anos, uma mulher assume a vinícola Antinori
Torta de chocolate sem farinha
Crianças e Jerusalém
Delações terão novo recall
A arte que independe
Seja bem-vinda, Gabizinha! Seleção é ela e mais 5
Comerciantes reclamam de bueiros entupidos na capital paulista  
Qual disco você ouviria no caso de guerra nuclear e o fim do mundo?
O café e a cafeína
Você é uma pessoa interessante?
O amor não pode ser cego
Trainees: veja oportunidades em grandes empresas
Que coisas mais feias!
Para pensar em casa
Sobre o que é compartilhar
Precioso acervo
O que é um curador?
