#
# There is insufficient memory for the Java Runtime Environment to continue.
# Native memory allocation (mmap) failed to map 282591232 bytes for committing reserved memory.
# Possible reasons:
#   The system is out of physical RAM or swap space
#   In 32 bit mode, the process size limit was hit
# Possible solutions:
#   Reduce memory load on the system
#   Increase physical memory or swap space
#   Check if swap backing store is full
#   Use 64 bit Java on a 64 bit OS
#   Decrease Java heap size (-Xmx/-Xms)
#   Decrease number of Java threads
#   Decrease Java thread stack sizes (-Xss)
#   Set larger code cache with -XX:ReservedCodeCacheSize=
# This output file may be truncated or incomplete.
#
#  Out of Memory Error (os_linux.cpp:2643), pid=14083, tid=0x00007fc75a2e4700
#
# JRE version: OpenJDK Runtime Environment (8.0_151-b12) (build 1.8.0_151-8u151-b12-0ubuntu0.16.04.2-b12)
# Java VM: OpenJDK 64-Bit Server VM (25.151-b12 mixed mode linux-amd64 compressed oops)
# Failed to write core dump. Core dumps have been disabled. To enable core dumping, try "ulimit -c unlimited" before starting Java again
#

---------------  T H R E A D  ---------------

Current thread (0x00007fc774077800):  VMThread [stack: 0x00007fc75a1e4000,0x00007fc75a2e5000] [id=14089]

Stack: [0x00007fc75a1e4000,0x00007fc75a2e5000],  sp=0x00007fc75a2e3480,  free space=1021k
Native frames: (J=compiled Java code, j=interpreted, Vv=VM code, C=native code)
V  [libjvm.so+0xa684eb]
V  [libjvm.so+0x4c579c]
V  [libjvm.so+0x8b6b50]
V  [libjvm.so+0x8b0fce]
V  [libjvm.so+0x92b806]
V  [libjvm.so+0x91ae9a]
V  [libjvm.so+0x91b0a3]
V  [libjvm.so+0x91ba08]
V  [libjvm.so+0x921cce]
V  [libjvm.so+0x92966d]
V  [libjvm.so+0x8db3c3]
V  [libjvm.so+0xa6a192]
V  [libjvm.so+0xa6f277]
V  [libjvm.so+0xa6ca47]
V  [libjvm.so+0xa6decf]
V  [libjvm.so+0xa6e3c1]
V  [libjvm.so+0x8b4032]

VM_Operation (0x00007fc77b346790): ParallelGCFailedAllocation, mode: safepoint, requested by thread 0x00007fc77400a000


---------------  P R O C E S S  ---------------

Java Threads: ( => current thread )
  0x00007fc7740b9800 JavaThread "Service Thread" daemon [_thread_blocked, id=14096, stack(0x00007fc759804000,0x00007fc759905000)]
  0x00007fc7740b2800 JavaThread "C1 CompilerThread2" daemon [_thread_blocked, id=14095, stack(0x00007fc759905000,0x00007fc759a06000)]
  0x00007fc7740b1000 JavaThread "C2 CompilerThread1" daemon [_thread_blocked, id=14094, stack(0x00007fc759a06000,0x00007fc759b07000)]
  0x00007fc7740ae000 JavaThread "C2 CompilerThread0" daemon [_thread_blocked, id=14093, stack(0x00007fc759b07000,0x00007fc759c08000)]
  0x00007fc7740ac000 JavaThread "Signal Dispatcher" daemon [_thread_blocked, id=14092, stack(0x00007fc759c08000,0x00007fc759d09000)]
  0x00007fc774083800 JavaThread "Finalizer" daemon [_thread_blocked, id=14091, stack(0x00007fc759fe2000,0x00007fc75a0e3000)]
  0x00007fc77407f000 JavaThread "Reference Handler" daemon [_thread_blocked, id=14090, stack(0x00007fc75a0e3000,0x00007fc75a1e4000)]
  0x00007fc77400a000 JavaThread "main" [_thread_blocked, id=14084, stack(0x00007fc77b247000,0x00007fc77b348000)]

Other Threads:
=>0x00007fc774077800 VMThread [stack: 0x00007fc75a1e4000,0x00007fc75a2e5000] [id=14089]
  0x00007fc7740bc000 WatcherThread [stack: 0x00007fc759703000,0x00007fc759804000] [id=14097]

VM state:at safepoint (normal execution)

VM Mutex/Monitor currently owned by a thread:  ([mutex/lock_event])
[0x00007fc774005bd0] ExpandHeap_lock - owner thread: 0x00007fc774077800
[0x00007fc774006250] Threads_lock - owner thread: 0x00007fc774077800
[0x00007fc774006750] Heap_lock - owner thread: 0x00007fc77400a000

Heap:
 PSYoungGen      total 448512K, used 94823K [0x00000000d6f00000, 0x0000000100000000, 0x0000000100000000)
  eden space 224256K, 0% used [0x00000000d6f00000,0x00000000d6f00000,0x00000000e4a00000)
  from space 224256K, 42% used [0x00000000e4a00000,0x00000000ea699f18,0x00000000f2500000)
  to   space 224256K, 0% used [0x00000000f2500000,0x00000000f2500000,0x0000000100000000)
 ParOldGen       total 1070592K, used 1070320K [0x0000000084c00000, 0x00000000c6180000, 0x00000000d6f00000)
  object space 1070592K, 99% used [0x0000000084c00000,0x00000000c613c380,0x00000000c6180000)
 Metaspace       used 3782K, capacity 4748K, committed 4864K, reserved 1056768K
  class space    used 407K, capacity 436K, committed 512K, reserved 1048576K

Card table byte_map: [0x00007fc76444a000,0x00007fc764825000] byte_map_base: 0x00007fc764024000

Marking Bits: (ParMarkBitMap*) 0x00007fc77a5222c0
 Begin Bits: [0x00007fc760014000, 0x00007fc761ee4000)
 End Bits:   [0x00007fc761ee4000, 0x00007fc763db4000)

Polling page: 0x00007fc77b375000

CodeCache: size=245760Kb used=1878Kb max_used=1888Kb free=243881Kb
 bounds [0x00007fc764be5000, 0x00007fc764e55000, 0x00007fc773be5000]
 total_blobs=550 nmethods=303 adapters=162
 compilation: enabled

Compilation events (10 events):
Event: 1,279 Thread 0x00007fc7740ae000 nmethod 298 0x00007fc764da69d0 code [0x00007fc764da6b20, 0x00007fc764da6bf8]
Event: 1,279 Thread 0x00007fc7740ae000  299       4       Bag::iterator (13 bytes)
Event: 1,280 Thread 0x00007fc7740ae000 nmethod 299 0x00007fc764da8290 code [0x00007fc764da83e0, 0x00007fc764da84d8]
Event: 1,285 Thread 0x00007fc7740b1000 nmethod 296 0x00007fc764da7390 code [0x00007fc764da7560, 0x00007fc764da7ad8]
Event: 1,303 Thread 0x00007fc7740b2800  301 %     3       MarkovDeluxe::main @ 206 (480 bytes)
Event: 1,308 Thread 0x00007fc7740b2800 nmethod 301% 0x00007fc764daba10 code [0x00007fc764dac140, 0x00007fc764db03f8]
Event: 1,308 Thread 0x00007fc7740b2800  302       3       MarkovDeluxe::main (480 bytes)
Event: 1,313 Thread 0x00007fc7740b2800 nmethod 302 0x00007fc764db44d0 code [0x00007fc764db4be0, 0x00007fc764db8bf8]
Event: 1,327 Thread 0x00007fc7740ae000  303 %     4       MarkovDeluxe::main @ 206 (480 bytes)
Event: 1,446 Thread 0x00007fc7740ae000 nmethod 303% 0x00007fc764dbcb10 code [0x00007fc764dbce40, 0x00007fc764dbe9b0]

GC Heap History (10 events):
Event: 22,543 GC heap after
Heap after GC invocations=13 (full 3):
 PSYoungGen      total 423424K, used 202144K [0x00000000d6f00000, 0x00000000feb80000, 0x0000000100000000)
  eden space 203264K, 0% used [0x00000000d6f00000,0x00000000d6f00000,0x00000000e3580000)
  from space 220160K, 91% used [0x00000000f1480000,0x00000000fd9e8000,0x00000000feb80000)
  to   space 224256K, 0% used [0x00000000e3580000,0x00000000e3580000,0x00000000f1080000)
 ParOldGen       total 671232K, used 515173K [0x0000000084c00000, 0x00000000adb80000, 0x00000000d6f00000)
  object space 671232K, 76% used [0x0000000084c00000,0x00000000a4319748,0x00000000adb80000)
 Metaspace       used 3782K, capacity 4748K, committed 4864K, reserved 1056768K
  class space    used 407K, capacity 436K, committed 512K, reserved 1048576K
}
Event: 23,314 GC heap before
{Heap before GC invocations=14 (full 3):
 PSYoungGen      total 423424K, used 405408K [0x00000000d6f00000, 0x00000000feb80000, 0x0000000100000000)
  eden space 203264K, 100% used [0x00000000d6f00000,0x00000000e3580000,0x00000000e3580000)
  from space 220160K, 91% used [0x00000000f1480000,0x00000000fd9e8000,0x00000000feb80000)
  to   space 224256K, 0% used [0x00000000e3580000,0x00000000e3580000,0x00000000f1080000)
 ParOldGen       total 671232K, used 515173K [0x0000000084c00000, 0x00000000adb80000, 0x00000000d6f00000)
  object space 671232K, 76% used [0x0000000084c00000,0x00000000a4319748,0x00000000adb80000)
 Metaspace       used 3782K, capacity 4748K, committed 4864K, reserved 1056768K
  class space    used 407K, capacity 436K, committed 512K, reserved 1048576K
Event: 24,220 GC heap after
Heap after GC invocations=14 (full 3):
 PSYoungGen      total 427520K, used 144512K [0x00000000d6f00000, 0x0000000100000000, 0x0000000100000000)
  eden space 203264K, 0% used [0x00000000d6f00000,0x00000000d6f00000,0x00000000e3580000)
  from space 224256K, 64% used [0x00000000e3580000,0x00000000ec2a0000,0x00000000f1080000)
  to   space 224256K, 0% used [0x00000000f2500000,0x00000000f2500000,0x0000000100000000)
 ParOldGen       total 718336K, used 717773K [0x0000000084c00000, 0x00000000b0980000, 0x00000000d6f00000)
  object space 718336K, 99% used [0x0000000084c00000,0x00000000b08f3748,0x00000000b0980000)
 Metaspace       used 3782K, capacity 4748K, committed 4864K, reserved 1056768K
  class space    used 407K, capacity 436K, committed 512K, reserved 1048576K
}
Event: 24,220 GC heap before
{Heap before GC invocations=15 (full 4):
 PSYoungGen      total 427520K, used 144512K [0x00000000d6f00000, 0x0000000100000000, 0x0000000100000000)
  eden space 203264K, 0% used [0x00000000d6f00000,0x00000000d6f00000,0x00000000e3580000)
  from space 224256K, 64% used [0x00000000e3580000,0x00000000ec2a0000,0x00000000f1080000)
  to   space 224256K, 0% used [0x00000000f2500000,0x00000000f2500000,0x0000000100000000)
 ParOldGen       total 718336K, used 717773K [0x0000000084c00000, 0x00000000b0980000, 0x00000000d6f00000)
  object space 718336K, 99% used [0x0000000084c00000,0x00000000b08f3748,0x00000000b0980000)
 Metaspace       used 3782K, capacity 4748K, committed 4864K, reserved 1056768K
  class space    used 407K, capacity 436K, committed 512K, reserved 1048576K
Event: 37,624 GC heap after
Heap after GC invocations=15 (full 4):
 PSYoungGen      total 427520K, used 142717K [0x00000000d6f00000, 0x0000000100000000, 0x0000000100000000)
  eden space 203264K, 0% used [0x00000000d6f00000,0x00000000d6f00000,0x00000000e3580000)
  from space 224256K, 63% used [0x00000000e3580000,0x00000000ec0df640,0x00000000f1080000)
  to   space 224256K, 0% used [0x00000000f2500000,0x00000000f2500000,0x0000000100000000)
 ParOldGen       total 1070592K, used 718173K [0x0000000084c00000, 0x00000000c6180000, 0x00000000d6f00000)
  object space 1070592K, 67% used [0x0000000084c00000,0x00000000b09574d8,0x00000000c6180000)
 Metaspace       used 3782K, capacity 4748K, committed 4864K, reserved 1056768K
  class space    used 407K, capacity 436K, committed 512K, reserved 1048576K
}
Event: 38,416 GC heap before
{Heap before GC invocations=16 (full 4):
 PSYoungGen      total 427520K, used 345981K [0x00000000d6f00000, 0x0000000100000000, 0x0000000100000000)
  eden space 203264K, 100% used [0x00000000d6f00000,0x00000000e3580000,0x00000000e3580000)
  from space 224256K, 63% used [0x00000000e3580000,0x00000000ec0df640,0x00000000f1080000)
  to   space 224256K, 0% used [0x00000000f2500000,0x00000000f2500000,0x0000000100000000)
 ParOldGen       total 1070592K, used 718173K [0x0000000084c00000, 0x00000000c6180000, 0x00000000d6f00000)
  object space 1070592K, 67% used [0x0000000084c00000,0x00000000b09574d8,0x00000000c6180000)
 Metaspace       used 3782K, capacity 4748K, committed 4864K, reserved 1056768K
  class space    used 407K, capacity 436K, committed 512K, reserved 1048576K
Event: 39,603 GC heap after
Heap after GC invocations=16 (full 4):
 PSYoungGen      total 448512K, used 144768K [0x00000000d6f00000, 0x0000000100000000, 0x0000000100000000)
  eden space 224256K, 0% used [0x00000000d6f00000,0x00000000d6f00000,0x00000000e4a00000)
  from space 224256K, 64% used [0x00000000f2500000,0x00000000fb260000,0x0000000100000000)
  to   space 224256K, 0% used [0x00000000e4a00000,0x00000000e4a00000,0x00000000f2500000)
 ParOldGen       total 1070592K, used 861469K [0x0000000084c00000, 0x00000000c6180000, 0x00000000d6f00000)
  object space 1070592K, 80% used [0x0000000084c00000,0x00000000b95474d8,0x00000000c6180000)
 Metaspace       used 3782K, capacity 4748K, committed 4864K, reserved 1056768K
  class space    used 407K, capacity 436K, committed 512K, reserved 1048576K
}
Event: 40,494 GC heap before
{Heap before GC invocations=17 (full 4):
 PSYoungGen      total 448512K, used 369024K [0x00000000d6f00000, 0x0000000100000000, 0x0000000100000000)
  eden space 224256K, 100% used [0x00000000d6f00000,0x00000000e4a00000,0x00000000e4a00000)
  from space 224256K, 64% used [0x00000000f2500000,0x00000000fb260000,0x0000000100000000)
  to   space 224256K, 0% used [0x00000000e4a00000,0x00000000e4a00000,0x00000000f2500000)
 ParOldGen       total 1070592K, used 861469K [0x0000000084c00000, 0x00000000c6180000, 0x00000000d6f00000)
  object space 1070592K, 80% used [0x0000000084c00000,0x00000000b95474d8,0x00000000c6180000)
 Metaspace       used 3782K, capacity 4748K, committed 4864K, reserved 1056768K
  class space    used 407K, capacity 436K, committed 512K, reserved 1048576K
Event: 41,283 GC heap after
Heap after GC invocations=17 (full 4):
 PSYoungGen      total 448512K, used 160032K [0x00000000d6f00000, 0x0000000100000000, 0x0000000100000000)
  eden space 224256K, 0% used [0x00000000d6f00000,0x00000000d6f00000,0x00000000e4a00000)
  from space 224256K, 71% used [0x00000000e4a00000,0x00000000ee648000,0x00000000f2500000)
  to   space 224256K, 0% used [0x00000000f2500000,0x00000000f2500000,0x0000000100000000)
 ParOldGen       total 1070592K, used 1006557K [0x0000000084c00000, 0x00000000c6180000, 0x00000000d6f00000)
  object space 1070592K, 94% used [0x0000000084c00000,0x00000000c22f74d8,0x00000000c6180000)
 Metaspace       used 3782K, capacity 4748K, committed 4864K, reserved 1056768K
  class space    used 407K, capacity 436K, committed 512K, reserved 1048576K
}
Event: 41,283 GC heap before
{Heap before GC invocations=18 (full 5):
 PSYoungGen      total 448512K, used 160032K [0x00000000d6f00000, 0x0000000100000000, 0x0000000100000000)
  eden space 224256K, 0% used [0x00000000d6f00000,0x00000000d6f00000,0x00000000e4a00000)
  from space 224256K, 71% used [0x00000000e4a00000,0x00000000ee648000,0x00000000f2500000)
  to   space 224256K, 0% used [0x00000000f2500000,0x00000000f2500000,0x0000000100000000)
 ParOldGen       total 1070592K, used 1006557K [0x0000000084c00000, 0x00000000c6180000, 0x00000000d6f00000)
  object space 1070592K, 94% used [0x0000000084c00000,0x00000000c22f74d8,0x00000000c6180000)
 Metaspace       used 3782K, capacity 4748K, committed 4864K, reserved 1056768K
  class space    used 407K, capacity 436K, committed 512K, reserved 1048576K

Deoptimization events (10 events):
Event: 0,919 Thread 0x00007fc77400a000 Uncommon trap: reason=array_check action=maybe_recompile pc=0x00007fc764d71468 method=java.util.AbstractCollection.toArray([Ljava/lang/Object;)[Ljava/lang/Object; @ 119
Event: 0,919 Thread 0x00007fc77400a000 Uncommon trap: reason=unstable_if action=reinterpret pc=0x00007fc764d543e4 method=java.util.regex.Pattern$Curly.match0(Ljava/util/regex/Matcher;IILjava/lang/CharSequence;)Z @ 34
Event: 0,934 Thread 0x00007fc77400a000 Uncommon trap: reason=unstable_if action=reinterpret pc=0x00007fc764d23ce0 method=java.util.regex.Pattern$Curly.match0(Ljava/util/regex/Matcher;IILjava/lang/CharSequence;)Z @ 130
Event: 1,200 Thread 0x00007fc77400a000 Uncommon trap: reason=class_check action=maybe_recompile pc=0x00007fc764d59748 method=java.util.TreeMap.getEntry(Ljava/lang/Object;)Ljava/util/TreeMap$Entry; @ 26
Event: 1,200 Thread 0x00007fc77400a000 Uncommon trap: reason=unstable_if action=reinterpret pc=0x00007fc764d51a48 method=java.util.TreeMap.put(Ljava/lang/Object;Ljava/lang/Object;)Ljava/lang/Object; @ 6
Event: 1,200 Thread 0x00007fc77400a000 Uncommon trap: reason=class_check action=maybe_recompile pc=0x00007fc764d59748 method=java.util.TreeMap.getEntry(Ljava/lang/Object;)Ljava/util/TreeMap$Entry; @ 26
Event: 1,200 Thread 0x00007fc77400a000 Uncommon trap: reason=class_check action=maybe_recompile pc=0x00007fc764d59748 method=java.util.TreeMap.getEntry(Ljava/lang/Object;)Ljava/util/TreeMap$Entry; @ 26
Event: 1,200 Thread 0x00007fc77400a000 Uncommon trap: reason=class_check action=maybe_recompile pc=0x00007fc764d6aed4 method=java.util.TreeMap.getEntry(Ljava/lang/Object;)Ljava/util/TreeMap$Entry; @ 26
Event: 1,200 Thread 0x00007fc77400a000 Uncommon trap: reason=class_check action=maybe_recompile pc=0x00007fc764d59748 method=java.util.TreeMap.getEntry(Ljava/lang/Object;)Ljava/util/TreeMap$Entry; @ 26
Event: 1,200 Thread 0x00007fc77400a000 Uncommon trap: reason=class_check action=maybe_recompile pc=0x00007fc764d246e4 method=java.util.TreeMap.getEntry(Ljava/lang/Object;)Ljava/util/TreeMap$Entry; @ 26

Internal exceptions (8 events):
Event: 0,127 Thread 0x00007fc77400a000 Exception <a 'java/lang/NoSuchMethodError': Method sun.misc.Unsafe.defineClass(Ljava/lang/String;[BII)Ljava/lang/Class; name or signature does not match> (0x00000000d6f07ca8) thrown at [/build/openjdk-8-W2Qe27/openjdk-8-8u151-b12/src/hotspot/src/share/vm/
Event: 0,127 Thread 0x00007fc77400a000 Exception <a 'java/lang/NoSuchMethodError': Method sun.misc.Unsafe.prefetchRead(Ljava/lang/Object;J)V name or signature does not match> (0x00000000d6f07f90) thrown at [/build/openjdk-8-W2Qe27/openjdk-8-8u151-b12/src/hotspot/src/share/vm/prims/jni.cpp, lin
Event: 0,344 Thread 0x00007fc77400a000 Exception <a 'java/security/PrivilegedActionException'> (0x00000000d6f95dc0) thrown at [/build/openjdk-8-W2Qe27/openjdk-8-8u151-b12/src/hotspot/src/share/vm/prims/jvm.cpp, line 1390]
Event: 0,344 Thread 0x00007fc77400a000 Exception <a 'java/security/PrivilegedActionException'> (0x00000000d6f961b8) thrown at [/build/openjdk-8-W2Qe27/openjdk-8-8u151-b12/src/hotspot/src/share/vm/prims/jvm.cpp, line 1390]
Event: 0,344 Thread 0x00007fc77400a000 Exception <a 'java/security/PrivilegedActionException'> (0x00000000d6f98428) thrown at [/build/openjdk-8-W2Qe27/openjdk-8-8u151-b12/src/hotspot/src/share/vm/prims/jvm.cpp, line 1390]
Event: 0,344 Thread 0x00007fc77400a000 Exception <a 'java/security/PrivilegedActionException'> (0x00000000d6f98820) thrown at [/build/openjdk-8-W2Qe27/openjdk-8-8u151-b12/src/hotspot/src/share/vm/prims/jvm.cpp, line 1390]
Event: 0,344 Thread 0x00007fc77400a000 Exception <a 'java/security/PrivilegedActionException'> (0x00000000d6f994e0) thrown at [/build/openjdk-8-W2Qe27/openjdk-8-8u151-b12/src/hotspot/src/share/vm/prims/jvm.cpp, line 1390]
Event: 0,344 Thread 0x00007fc77400a000 Exception <a 'java/security/PrivilegedActionException'> (0x00000000d6f998d8) thrown at [/build/openjdk-8-W2Qe27/openjdk-8-8u151-b12/src/hotspot/src/share/vm/prims/jvm.cpp, line 1390]

Events (10 events):
Event: 13,632 Executing VM operation: ParallelGCFailedAllocation done
Event: 14,341 Executing VM operation: ParallelGCFailedAllocation
Event: 21,048 Executing VM operation: ParallelGCFailedAllocation done
Event: 21,737 Executing VM operation: ParallelGCFailedAllocation
Event: 22,543 Executing VM operation: ParallelGCFailedAllocation done
Event: 23,314 Executing VM operation: ParallelGCFailedAllocation
Event: 37,625 Executing VM operation: ParallelGCFailedAllocation done
Event: 38,416 Executing VM operation: ParallelGCFailedAllocation
Event: 39,603 Executing VM operation: ParallelGCFailedAllocation done
Event: 40,494 Executing VM operation: ParallelGCFailedAllocation


Dynamic libraries:
00400000-00401000 r-xp 00000000 08:05 307779                             /usr/lib/jvm/java-8-openjdk-amd64/jre/bin/java
00600000-00601000 r--p 00000000 08:05 307779                             /usr/lib/jvm/java-8-openjdk-amd64/jre/bin/java
00601000-00602000 rw-p 00001000 08:05 307779                             /usr/lib/jvm/java-8-openjdk-amd64/jre/bin/java
01748000-01769000 rw-p 00000000 00:00 0                                  [heap]
84c00000-c6180000 rw-p 00000000 00:00 0 
d6f00000-100000000 rw-p 00000000 00:00 0 
100000000-100080000 rw-p 00000000 00:00 0 
100080000-140000000 ---p 00000000 00:00 0 
7fc728000000-7fc728021000 rw-p 00000000 00:00 0 
7fc728021000-7fc72c000000 ---p 00000000 00:00 0 
7fc72c000000-7fc72c209000 rw-p 00000000 00:00 0 
7fc72c209000-7fc730000000 ---p 00000000 00:00 0 
7fc730000000-7fc730021000 rw-p 00000000 00:00 0 
7fc730021000-7fc734000000 ---p 00000000 00:00 0 
7fc734000000-7fc734306000 rw-p 00000000 00:00 0 
7fc734306000-7fc738000000 ---p 00000000 00:00 0 
7fc738000000-7fc7381ce000 rw-p 00000000 00:00 0 
7fc7381ce000-7fc73c000000 ---p 00000000 00:00 0 
7fc73c000000-7fc73c021000 rw-p 00000000 00:00 0 
7fc73c021000-7fc740000000 ---p 00000000 00:00 0 
7fc740000000-7fc740021000 rw-p 00000000 00:00 0 
7fc740021000-7fc744000000 ---p 00000000 00:00 0 
7fc744000000-7fc744021000 rw-p 00000000 00:00 0 
7fc744021000-7fc748000000 ---p 00000000 00:00 0 
7fc748000000-7fc748021000 rw-p 00000000 00:00 0 
7fc748021000-7fc74c000000 ---p 00000000 00:00 0 
7fc74c000000-7fc74c021000 rw-p 00000000 00:00 0 
7fc74c021000-7fc750000000 ---p 00000000 00:00 0 
7fc750000000-7fc750021000 rw-p 00000000 00:00 0 
7fc750021000-7fc754000000 ---p 00000000 00:00 0 
7fc754000000-7fc754021000 rw-p 00000000 00:00 0 
7fc754021000-7fc758000000 ---p 00000000 00:00 0 
7fc7596e8000-7fc759703000 r--s 00394000 08:05 307716                     /usr/lib/jvm/java-8-openjdk-amd64/jre/lib/ext/cldrdata.jar
7fc759703000-7fc759704000 ---p 00000000 00:00 0 
7fc759704000-7fc759804000 rw-p 00000000 00:00 0 
7fc759804000-7fc759807000 ---p 00000000 00:00 0 
7fc759807000-7fc759905000 rw-p 00000000 00:00 0 
7fc759905000-7fc759908000 ---p 00000000 00:00 0 
7fc759908000-7fc759a06000 rw-p 00000000 00:00 0 
7fc759a06000-7fc759a09000 ---p 00000000 00:00 0 
7fc759a09000-7fc759b07000 rw-p 00000000 00:00 0 
7fc759b07000-7fc759b0a000 ---p 00000000 00:00 0 
7fc759b0a000-7fc759c08000 rw-p 00000000 00:00 0 
7fc759c08000-7fc759c0b000 ---p 00000000 00:00 0 
7fc759c0b000-7fc759d09000 rw-p 00000000 00:00 0 
7fc759d09000-7fc759fe2000 r--p 00000000 08:05 262247                     /usr/lib/locale/locale-archive
7fc759fe2000-7fc759fe5000 ---p 00000000 00:00 0 
7fc759fe5000-7fc75a0e3000 rw-p 00000000 00:00 0 
7fc75a0e3000-7fc75a0e6000 ---p 00000000 00:00 0 
7fc75a0e6000-7fc75a1e4000 rw-p 00000000 00:00 0 
7fc75a1e4000-7fc75a1e5000 ---p 00000000 00:00 0 
7fc75a1e5000-7fc75b257000 rw-p 00000000 00:00 0 
7fc75b257000-7fc75b426000 r--s 03c21000 08:05 307712                     /usr/lib/jvm/java-8-openjdk-amd64/jre/lib/rt.jar
7fc75b426000-7fc75b866000 rw-p 00000000 00:00 0 
7fc75b866000-7fc75bc26000 ---p 00000000 00:00 0 
7fc75bc26000-7fc75c000000 rw-p 00000000 00:00 0 
7fc75c000000-7fc75c021000 rw-p 00000000 00:00 0 
7fc75c021000-7fc760000000 ---p 00000000 00:00 0 
7fc760001000-7fc760003000 r--s 0002d000 08:05 1352047                    /home/ecneto/JARs/stdlib.jar
7fc760003000-7fc760009000 r--s 0003a000 08:05 307719                     /usr/lib/jvm/java-8-openjdk-amd64/jre/lib/ext/sunjce_provider.jar
7fc760009000-7fc76000a000 r--s 0000a000 08:05 307723                     /usr/lib/jvm/java-8-openjdk-amd64/jre/lib/ext/jaccess.jar
7fc76000a000-7fc760014000 r--s 00116000 08:05 307721                     /usr/lib/jvm/java-8-openjdk-amd64/jre/lib/ext/localedata.jar
7fc760014000-7fc763db4000 rw-p 00000000 00:00 0 
7fc763db4000-7fc763db5000 ---p 00000000 00:00 0 
7fc763db5000-7fc763eb5000 rw-p 00000000 00:00 0 
7fc763eb5000-7fc763eb6000 ---p 00000000 00:00 0 
7fc763eb6000-7fc763fb6000 rw-p 00000000 00:00 0 
7fc763fb6000-7fc763fb7000 ---p 00000000 00:00 0 
7fc763fb7000-7fc7640b7000 rw-p 00000000 00:00 0 
7fc7640b7000-7fc7640b8000 ---p 00000000 00:00 0 
7fc7640b8000-7fc7643c3000 rw-p 00000000 00:00 0 
7fc7643c3000-7fc76444a000 ---p 00000000 00:00 0 
7fc76444a000-7fc764655000 rw-p 00000000 00:00 0 
7fc764655000-7fc7646db000 ---p 00000000 00:00 0 
7fc7646db000-7fc764824000 rw-p 00000000 00:00 0 
7fc764824000-7fc76482f000 rw-p 00000000 00:00 0 
7fc76482f000-7fc764be5000 ---p 00000000 00:00 0 
7fc764be5000-7fc764e55000 rwxp 00000000 00:00 0 
7fc764e55000-7fc773be5000 ---p 00000000 00:00 0 
7fc773be5000-7fc773bed000 r-xp 00000000 08:05 307751                     /usr/lib/jvm/java-8-openjdk-amd64/jre/lib/amd64/libzip.so
7fc773bed000-7fc773dec000 ---p 00008000 08:05 307751                     /usr/lib/jvm/java-8-openjdk-amd64/jre/lib/amd64/libzip.so
7fc773dec000-7fc773ded000 r--p 00007000 08:05 307751                     /usr/lib/jvm/java-8-openjdk-amd64/jre/lib/amd64/libzip.so
7fc773ded000-7fc773dee000 rw-p 00008000 08:05 307751                     /usr/lib/jvm/java-8-openjdk-amd64/jre/lib/amd64/libzip.so
7fc773dee000-7fc773df9000 r-xp 00000000 08:05 1457465                    /lib/x86_64-linux-gnu/libnss_files-2.23.so
7fc773df9000-7fc773ff8000 ---p 0000b000 08:05 1457465                    /lib/x86_64-linux-gnu/libnss_files-2.23.so
7fc773ff8000-7fc773ff9000 r--p 0000a000 08:05 1457465                    /lib/x86_64-linux-gnu/libnss_files-2.23.so
7fc773ff9000-7fc773ffa000 rw-p 0000b000 08:05 1457465                    /lib/x86_64-linux-gnu/libnss_files-2.23.so
7fc773ffa000-7fc774000000 rw-p 00000000 00:00 0 
7fc774000000-7fc774183000 rw-p 00000000 00:00 0 
7fc774183000-7fc778000000 ---p 00000000 00:00 0 
7fc778000000-7fc778004000 r--s 00037000 08:05 307722                     /usr/lib/jvm/java-8-openjdk-amd64/jre/lib/ext/sunpkcs11.jar
7fc778004000-7fc778005000 r--s 00010000 08:05 307717                     /usr/lib/jvm/java-8-openjdk-amd64/jre/lib/ext/zipfs.jar
7fc778005000-7fc7780ea000 rw-p 00000000 00:00 0 
7fc7780ea000-7fc7780f5000 r-xp 00000000 08:05 1457468                    /lib/x86_64-linux-gnu/libnss_nis-2.23.so
7fc7780f5000-7fc7782f4000 ---p 0000b000 08:05 1457468                    /lib/x86_64-linux-gnu/libnss_nis-2.23.so
7fc7782f4000-7fc7782f5000 r--p 0000a000 08:05 1457468                    /lib/x86_64-linux-gnu/libnss_nis-2.23.so
7fc7782f5000-7fc7782f6000 rw-p 0000b000 08:05 1457468                    /lib/x86_64-linux-gnu/libnss_nis-2.23.so
7fc7782f6000-7fc77830c000 r-xp 00000000 08:05 1441810                    /lib/x86_64-linux-gnu/libnsl-2.23.so
7fc77830c000-7fc77850b000 ---p 00016000 08:05 1441810                    /lib/x86_64-linux-gnu/libnsl-2.23.so
7fc77850b000-7fc77850c000 r--p 00015000 08:05 1441810                    /lib/x86_64-linux-gnu/libnsl-2.23.so
7fc77850c000-7fc77850d000 rw-p 00016000 08:05 1441810                    /lib/x86_64-linux-gnu/libnsl-2.23.so
7fc77850d000-7fc77850f000 rw-p 00000000 00:00 0 
7fc77850f000-7fc778517000 r-xp 00000000 08:05 1457474                    /lib/x86_64-linux-gnu/libnss_compat-2.23.so
7fc778517000-7fc778716000 ---p 00008000 08:05 1457474                    /lib/x86_64-linux-gnu/libnss_compat-2.23.so
7fc778716000-7fc778717000 r--p 00007000 08:05 1457474                    /lib/x86_64-linux-gnu/libnss_compat-2.23.so
7fc778717000-7fc778718000 rw-p 00008000 08:05 1457474                    /lib/x86_64-linux-gnu/libnss_compat-2.23.so
7fc778718000-7fc778745000 r-xp 00000000 08:05 307734                     /usr/lib/jvm/java-8-openjdk-amd64/jre/lib/amd64/libjava.so
7fc778745000-7fc778944000 ---p 0002d000 08:05 307734                     /usr/lib/jvm/java-8-openjdk-amd64/jre/lib/amd64/libjava.so
7fc778944000-7fc778945000 r--p 0002c000 08:05 307734                     /usr/lib/jvm/java-8-openjdk-amd64/jre/lib/amd64/libjava.so
7fc778945000-7fc778947000 rw-p 0002d000 08:05 307734                     /usr/lib/jvm/java-8-openjdk-amd64/jre/lib/amd64/libjava.so
7fc778947000-7fc778956000 r-xp 00000000 08:05 307749                     /usr/lib/jvm/java-8-openjdk-amd64/jre/lib/amd64/libverify.so
7fc778956000-7fc778b55000 ---p 0000f000 08:05 307749                     /usr/lib/jvm/java-8-openjdk-amd64/jre/lib/amd64/libverify.so
7fc778b55000-7fc778b57000 r--p 0000e000 08:05 307749                     /usr/lib/jvm/java-8-openjdk-amd64/jre/lib/amd64/libverify.so
7fc778b57000-7fc778b58000 rw-p 00010000 08:05 307749                     /usr/lib/jvm/java-8-openjdk-amd64/jre/lib/amd64/libverify.so
7fc778b58000-7fc778b5f000 r-xp 00000000 08:05 1457470                    /lib/x86_64-linux-gnu/librt-2.23.so
7fc778b5f000-7fc778d5e000 ---p 00007000 08:05 1457470                    /lib/x86_64-linux-gnu/librt-2.23.so
7fc778d5e000-7fc778d5f000 r--p 00006000 08:05 1457470                    /lib/x86_64-linux-gnu/librt-2.23.so
7fc778d5f000-7fc778d60000 rw-p 00007000 08:05 1457470                    /lib/x86_64-linux-gnu/librt-2.23.so
7fc778d60000-7fc778d76000 r-xp 00000000 08:05 1447163                    /lib/x86_64-linux-gnu/libgcc_s.so.1
7fc778d76000-7fc778f75000 ---p 00016000 08:05 1447163                    /lib/x86_64-linux-gnu/libgcc_s.so.1
7fc778f75000-7fc778f76000 rw-p 00015000 08:05 1447163                    /lib/x86_64-linux-gnu/libgcc_s.so.1
7fc778f76000-7fc77907e000 r-xp 00000000 08:05 1457479                    /lib/x86_64-linux-gnu/libm-2.23.so
7fc77907e000-7fc77927d000 ---p 00108000 08:05 1457479                    /lib/x86_64-linux-gnu/libm-2.23.so
7fc77927d000-7fc77927e000 r--p 00107000 08:05 1457479                    /lib/x86_64-linux-gnu/libm-2.23.so
7fc77927e000-7fc77927f000 rw-p 00108000 08:05 1457479                    /lib/x86_64-linux-gnu/libm-2.23.so
7fc77927f000-7fc7793f1000 r-xp 00000000 08:05 272862                     /usr/lib/x86_64-linux-gnu/libstdc++.so.6.0.21
7fc7793f1000-7fc7795f1000 ---p 00172000 08:05 272862                     /usr/lib/x86_64-linux-gnu/libstdc++.so.6.0.21
7fc7795f1000-7fc7795fb000 r--p 00172000 08:05 272862                     /usr/lib/x86_64-linux-gnu/libstdc++.so.6.0.21
7fc7795fb000-7fc7795fd000 rw-p 0017c000 08:05 272862                     /usr/lib/x86_64-linux-gnu/libstdc++.so.6.0.21
7fc7795fd000-7fc779601000 rw-p 00000000 00:00 0 
7fc779601000-7fc77a253000 r-xp 00000000 08:05 307744                     /usr/lib/jvm/java-8-openjdk-amd64/jre/lib/amd64/server/libjvm.so
7fc77a253000-7fc77a453000 ---p 00c52000 08:05 307744                     /usr/lib/jvm/java-8-openjdk-amd64/jre/lib/amd64/server/libjvm.so
7fc77a453000-7fc77a4e6000 r--p 00c52000 08:05 307744                     /usr/lib/jvm/java-8-openjdk-amd64/jre/lib/amd64/server/libjvm.so
7fc77a4e6000-7fc77a50f000 rw-p 00ce5000 08:05 307744                     /usr/lib/jvm/java-8-openjdk-amd64/jre/lib/amd64/server/libjvm.so
7fc77a50f000-7fc77a53f000 rw-p 00000000 00:00 0 
7fc77a53f000-7fc77a557000 r-xp 00000000 08:05 1457467                    /lib/x86_64-linux-gnu/libpthread-2.23.so
7fc77a557000-7fc77a756000 ---p 00018000 08:05 1457467                    /lib/x86_64-linux-gnu/libpthread-2.23.so
7fc77a756000-7fc77a757000 r--p 00017000 08:05 1457467                    /lib/x86_64-linux-gnu/libpthread-2.23.so
7fc77a757000-7fc77a758000 rw-p 00018000 08:05 1457467                    /lib/x86_64-linux-gnu/libpthread-2.23.so
7fc77a758000-7fc77a75c000 rw-p 00000000 00:00 0 
7fc77a75c000-7fc77a75f000 r-xp 00000000 08:05 1457473                    /lib/x86_64-linux-gnu/libdl-2.23.so
7fc77a75f000-7fc77a95e000 ---p 00003000 08:05 1457473                    /lib/x86_64-linux-gnu/libdl-2.23.so
7fc77a95e000-7fc77a95f000 r--p 00002000 08:05 1457473                    /lib/x86_64-linux-gnu/libdl-2.23.so
7fc77a95f000-7fc77a960000 rw-p 00003000 08:05 1457473                    /lib/x86_64-linux-gnu/libdl-2.23.so
7fc77a960000-7fc77a979000 r-xp 00000000 08:05 1447080                    /lib/x86_64-linux-gnu/libz.so.1.2.8
7fc77a979000-7fc77ab78000 ---p 00019000 08:05 1447080                    /lib/x86_64-linux-gnu/libz.so.1.2.8
7fc77ab78000-7fc77ab79000 r--p 00018000 08:05 1447080                    /lib/x86_64-linux-gnu/libz.so.1.2.8
7fc77ab79000-7fc77ab7a000 rw-p 00019000 08:05 1447080                    /lib/x86_64-linux-gnu/libz.so.1.2.8
7fc77ab7a000-7fc77ad3a000 r-xp 00000000 08:05 1457484                    /lib/x86_64-linux-gnu/libc-2.23.so
7fc77ad3a000-7fc77af3a000 ---p 001c0000 08:05 1457484                    /lib/x86_64-linux-gnu/libc-2.23.so
7fc77af3a000-7fc77af3e000 r--p 001c0000 08:05 1457484                    /lib/x86_64-linux-gnu/libc-2.23.so
7fc77af3e000-7fc77af40000 rw-p 001c4000 08:05 1457484                    /lib/x86_64-linux-gnu/libc-2.23.so
7fc77af40000-7fc77af44000 rw-p 00000000 00:00 0 
7fc77af44000-7fc77af51000 r-xp 00000000 08:05 307747                     /usr/lib/jvm/java-8-openjdk-amd64/jre/lib/amd64/jli/libjli.so
7fc77af51000-7fc77b151000 ---p 0000d000 08:05 307747                     /usr/lib/jvm/java-8-openjdk-amd64/jre/lib/amd64/jli/libjli.so
7fc77b151000-7fc77b152000 r--p 0000d000 08:05 307747                     /usr/lib/jvm/java-8-openjdk-amd64/jre/lib/amd64/jli/libjli.so
7fc77b152000-7fc77b153000 rw-p 0000e000 08:05 307747                     /usr/lib/jvm/java-8-openjdk-amd64/jre/lib/amd64/jli/libjli.so
7fc77b153000-7fc77b179000 r-xp 00000000 08:05 1441818                    /lib/x86_64-linux-gnu/ld-2.23.so
7fc77b179000-7fc77b17c000 r--s 0000f000 08:05 307715                     /usr/lib/jvm/java-8-openjdk-amd64/jre/lib/ext/icedtea-sound.jar
7fc77b17c000-7fc77b247000 rw-p 00000000 00:00 0 
7fc77b247000-7fc77b24a000 ---p 00000000 00:00 0 
7fc77b24a000-7fc77b34d000 rw-p 00000000 00:00 0 
7fc77b34d000-7fc77b34f000 r--s 00008000 08:05 307720                     /usr/lib/jvm/java-8-openjdk-amd64/jre/lib/ext/sunec.jar
7fc77b34f000-7fc77b351000 r--s 00001000 08:05 307724                     /usr/lib/jvm/java-8-openjdk-amd64/jre/lib/ext/dnsns.jar
7fc77b351000-7fc77b36c000 r--s 001d6000 08:05 307718                     /usr/lib/jvm/java-8-openjdk-amd64/jre/lib/ext/nashorn.jar
7fc77b36c000-7fc77b374000 rw-s 00000000 08:05 1327632                    /tmp/hsperfdata_ecneto/14083
7fc77b374000-7fc77b375000 rw-p 00000000 00:00 0 
7fc77b375000-7fc77b376000 ---p 00000000 00:00 0 
7fc77b376000-7fc77b378000 rw-p 00000000 00:00 0 
7fc77b378000-7fc77b379000 r--p 00025000 08:05 1441818                    /lib/x86_64-linux-gnu/ld-2.23.so
7fc77b379000-7fc77b37a000 rw-p 00026000 08:05 1441818                    /lib/x86_64-linux-gnu/ld-2.23.so
7fc77b37a000-7fc77b37b000 rw-p 00000000 00:00 0 
7ffe0d444000-7ffe0d465000 rw-p 00000000 00:00 0                          [stack]
7ffe0d527000-7ffe0d529000 r--p 00000000 00:00 0                          [vvar]
7ffe0d529000-7ffe0d52b000 r-xp 00000000 00:00 0                          [vdso]
ffffffffff600000-ffffffffff601000 r-xp 00000000 00:00 0                  [vsyscall]

VM Arguments:
java_command: MarkovDeluxe cast.G.txt / .9 200
java_class_path (initial): .:/home/ecneto/JARs/stdlib.jar:/home/ecneto/introcs/java3d/j3dcore.jar:/home/ecneto/introcs/java3d/j3dutils.jar:/home/ecneto/introcs/java3d/vecmath.jar:/home/ecneto/introcs/java3d/gluegen-rt.jar:/home/ecneto/introcs/java3d/jogl.jar:/home/ecneto/JARs/commons-lang3-3.4.jar
Launcher Type: SUN_STANDARD

Environment Variables:
PATH=/home/ecneto/bin:/home/ecneto/.local/bin:/usr/local/sbin:/usr/local/bin:/usr/sbin:/usr/bin:/sbin:/bin:/usr/games:/usr/local/games:/snap/bin
SHELL=/bin/bash
DISPLAY=:0

Signal Handlers:
SIGSEGV: [libjvm.so+0xa69040], sa_mask[0]=11111111011111111101111111111110, sa_flags=SA_RESTART|SA_SIGINFO
SIGBUS: [libjvm.so+0xa69040], sa_mask[0]=11111111011111111101111111111110, sa_flags=SA_RESTART|SA_SIGINFO
SIGFPE: [libjvm.so+0x8b2170], sa_mask[0]=11111111011111111101111111111110, sa_flags=SA_RESTART|SA_SIGINFO
SIGPIPE: [libjvm.so+0x8b2170], sa_mask[0]=11111111011111111101111111111110, sa_flags=SA_RESTART|SA_SIGINFO
SIGXFSZ: [libjvm.so+0x8b2170], sa_mask[0]=11111111011111111101111111111110, sa_flags=SA_RESTART|SA_SIGINFO
SIGILL: [libjvm.so+0x8b2170], sa_mask[0]=11111111011111111101111111111110, sa_flags=SA_RESTART|SA_SIGINFO
SIGUSR1: SIG_DFL, sa_mask[0]=00000000000000000000000000000000, sa_flags=none
SIGUSR2: [libjvm.so+0x8b2020], sa_mask[0]=00000000000000000000000000000000, sa_flags=SA_RESTART|SA_SIGINFO
SIGHUP: [libjvm.so+0x8b24f0], sa_mask[0]=11111111011111111101111111111110, sa_flags=SA_RESTART|SA_SIGINFO
SIGINT: [libjvm.so+0x8b24f0], sa_mask[0]=11111111011111111101111111111110, sa_flags=SA_RESTART|SA_SIGINFO
SIGTERM: [libjvm.so+0x8b24f0], sa_mask[0]=11111111011111111101111111111110, sa_flags=SA_RESTART|SA_SIGINFO
SIGQUIT: [libjvm.so+0x8b24f0], sa_mask[0]=11111111011111111101111111111110, sa_flags=SA_RESTART|SA_SIGINFO


---------------  S Y S T E M  ---------------

OS:DISTRIB_ID=Ubuntu
DISTRIB_RELEASE=16.04
DISTRIB_CODENAME=xenial
DISTRIB_DESCRIPTION="Ubuntu 16.04.3 LTS"

uname:Linux 4.10.0-40-generic #44~16.04.1-Ubuntu SMP Thu Nov 9 15:37:44 UTC 2017 x86_64
libc:glibc 2.23 NPTL 2.23 
rlimit: STACK 8192k, CORE 0k, NPROC 31236, NOFILE 1048576, AS infinity
load average:6,93 3,48 1,66

/proc/meminfo:
MemTotal:        8075488 kB
MemFree:          125152 kB
MemAvailable:     116624 kB
Buffers:            2848 kB
Cached:           736452 kB
SwapCached:            0 kB
Active:          6979660 kB
Inactive:         649012 kB
Active(anon):    6893268 kB
Inactive(anon):   566104 kB
Active(file):      86392 kB
Inactive(file):    82908 kB
Unevictable:         468 kB
Mlocked:             468 kB
SwapTotal:             0 kB
SwapFree:              0 kB
Dirty:             14228 kB
Writeback:             0 kB
AnonPages:       6890792 kB
Mapped:           323460 kB
Shmem:            569256 kB
Slab:             153828 kB
SReclaimable:      85280 kB
SUnreclaim:        68548 kB
KernelStack:       13376 kB
PageTables:        62820 kB
NFS_Unstable:          0 kB
Bounce:                0 kB
WritebackTmp:          0 kB
CommitLimit:     4037744 kB
Committed_AS:   14524244 kB
VmallocTotal:   34359738367 kB
VmallocUsed:           0 kB
VmallocChunk:          0 kB
HardwareCorrupted:     0 kB
AnonHugePages:   1288192 kB
ShmemHugePages:        0 kB
ShmemPmdMapped:        0 kB
CmaTotal:              0 kB
CmaFree:               0 kB
HugePages_Total:       0
HugePages_Free:        0
HugePages_Rsvd:        0
HugePages_Surp:        0
Hugepagesize:       2048 kB
DirectMap4k:      676640 kB
DirectMap2M:     7614464 kB
DirectMap1G:           0 kB


CPU:total 4 (initial active 4) (2 cores per cpu, 2 threads per core) family 6 model 69 stepping 1, cmov, cx8, fxsr, mmx, sse, sse2, sse3, ssse3, sse4.1, sse4.2, popcnt, avx, avx2, aes, clmul, erms, lzcnt, ht, tsc, tscinvbit, bmi1, bmi2

/proc/cpuinfo:
processor	: 0
vendor_id	: GenuineIntel
cpu family	: 6
model		: 69
model name	: Intel(R) Core(TM) i7-4500U CPU @ 1.80GHz
stepping	: 1
microcode	: 0x17
cpu MHz		: 2499.938
cache size	: 4096 KB
physical id	: 0
siblings	: 4
core id		: 0
cpu cores	: 2
apicid		: 0
initial apicid	: 0
fpu		: yes
fpu_exception	: yes
cpuid level	: 13
wp		: yes
flags		: fpu vme de pse tsc msr pae mce cx8 apic sep mtrr pge mca cmov pat pse36 clflush dts acpi mmx fxsr sse sse2 ss ht tm pbe syscall nx pdpe1gb rdtscp lm constant_tsc arch_perfmon pebs bts rep_good nopl xtopology nonstop_tsc aperfmperf pni pclmulqdq dtes64 monitor ds_cpl vmx est tm2 ssse3 sdbg fma cx16 xtpr pdcm pcid sse4_1 sse4_2 movbe popcnt tsc_deadline_timer aes xsave avx f16c rdrand lahf_lm abm epb tpr_shadow vnmi flexpriority ept vpid fsgsbase tsc_adjust bmi1 avx2 smep bmi2 erms invpcid xsaveopt dtherm ida arat pln pts
bugs		:
bogomips	: 3591.76
clflush size	: 64
cache_alignment	: 64
address sizes	: 39 bits physical, 48 bits virtual
power management:

processor	: 1
vendor_id	: GenuineIntel
cpu family	: 6
model		: 69
model name	: Intel(R) Core(TM) i7-4500U CPU @ 1.80GHz
stepping	: 1
microcode	: 0x17
cpu MHz		: 2499.938
cache size	: 4096 KB
physical id	: 0
siblings	: 4
core id		: 1
cpu cores	: 2
apicid		: 2
initial apicid	: 2
fpu		: yes
fpu_exception	: yes
cpuid level	: 13
wp		: yes
flags		: fpu vme de pse tsc msr pae mce cx8 apic sep mtrr pge mca cmov pat pse36 clflush dts acpi mmx fxsr sse sse2 ss ht tm pbe syscall nx pdpe1gb rdtscp lm constant_tsc arch_perfmon pebs bts rep_good nopl xtopology nonstop_tsc aperfmperf pni pclmulqdq dtes64 monitor ds_cpl vmx est tm2 ssse3 sdbg fma cx16 xtpr pdcm pcid sse4_1 sse4_2 movbe popcnt tsc_deadline_timer aes xsave avx f16c rdrand lahf_lm abm epb tpr_shadow vnmi flexpriority ept vpid fsgsbase tsc_adjust bmi1 avx2 smep bmi2 erms invpcid xsaveopt dtherm ida arat pln pts
bugs		:
bogomips	: 3591.76
clflush size	: 64
cache_alignment	: 64
address sizes	: 39 bits physical, 48 bits virtual
power management:

processor	: 2
vendor_id	: GenuineIntel
cpu family	: 6
model		: 69
model name	: Intel(R) Core(TM) i7-4500U CPU @ 1.80GHz
stepping	: 1
microcode	: 0x17
cpu MHz		: 2499.938
cache size	: 4096 KB
physical id	: 0
siblings	: 4
core id		: 0
cpu cores	: 2
apicid		: 1
initial apicid	: 1
fpu		: yes
fpu_exception	: yes
cpuid level	: 13
wp		: yes
flags		: fpu vme de pse tsc msr pae mce cx8 apic sep mtrr pge mca cmov pat pse36 clflush dts acpi mmx fxsr sse sse2 ss ht tm pbe syscall nx pdpe1gb rdtscp lm constant_tsc arch_perfmon pebs bts rep_good nopl xtopology nonstop_tsc aperfmperf pni pclmulqdq dtes64 monitor ds_cpl vmx est tm2 ssse3 sdbg fma cx16 xtpr pdcm pcid sse4_1 sse4_2 movbe popcnt tsc_deadline_timer aes xsave avx f16c rdrand lahf_lm abm epb tpr_shadow vnmi flexpriority ept vpid fsgsbase tsc_adjust bmi1 avx2 smep bmi2 erms invpcid xsaveopt dtherm ida arat pln pts
bugs		:
bogomips	: 3591.76
clflush size	: 64
cache_alignment	: 64
address sizes	: 39 bits physical, 48 bits virtual
power management:

processor	: 3
vendor_id	: GenuineIntel
cpu family	: 6
model		: 69
model name	: Intel(R) Core(TM) i7-4500U CPU @ 1.80GHz
stepping	: 1
microcode	: 0x17
cpu MHz		: 2499.938
cache size	: 4096 KB
physical id	: 0
siblings	: 4
core id		: 1
cpu cores	: 2
apicid		: 3
initial apicid	: 3
fpu		: yes
fpu_exception	: yes
cpuid level	: 13
wp		: yes
flags		: fpu vme de pse tsc msr pae mce cx8 apic sep mtrr pge mca cmov pat pse36 clflush dts acpi mmx fxsr sse sse2 ss ht tm pbe syscall nx pdpe1gb rdtscp lm constant_tsc arch_perfmon pebs bts rep_good nopl xtopology nonstop_tsc aperfmperf pni pclmulqdq dtes64 monitor ds_cpl vmx est tm2 ssse3 sdbg fma cx16 xtpr pdcm pcid sse4_1 sse4_2 movbe popcnt tsc_deadline_timer aes xsave avx f16c rdrand lahf_lm abm epb tpr_shadow vnmi flexpriority ept vpid fsgsbase tsc_adjust bmi1 avx2 smep bmi2 erms invpcid xsaveopt dtherm ida arat pln pts
bugs		:
bogomips	: 3591.76
clflush size	: 64
cache_alignment	: 64
address sizes	: 39 bits physical, 48 bits virtual
power management:



Memory: 4k page, physical 8075488k(125152k free), swap 0k(0k free)

vm_info: OpenJDK 64-Bit Server VM (25.151-b12) for linux-amd64 JRE (1.8.0_151-8u151-b12-0ubuntu0.16.04.2-b12), built on Oct 27 2017 21:59:02 by "buildd" with gcc 5.4.0 20160609

time: Wed Dec 13 23:04:36 2017
elapsed time: 55 seconds (0d 0h 0m 55s)

