3628800 vertices and 3991680 edges
  0        1
  1        3
  2        4
  3        4
  4        4
  5        4
  6        6
  7       10
  8       12
  9       12
 10       12
 11       14
 12       22
 13       32
 14       36
 15       34
 16       34
 17       46
 18       70
 19       90
 20       94
 21       92
 22      106
 23      152
 24      214
 25      252
 26      256
 27      266
 28      338
 29      482
 30      626
 31      692
 32      708
 33      793
 34     1050
 35     1431
 36     1736
 37     1860
 38     1976
 39     2390
 40     3208
 41     4140
 42     4750
 43     5062
 44     5648
 45     7036
 46     9083
 47    10901
 48    11896
 49    12728
 50    14752
 51    18386
 52    22528
 53    25505
 54    27041
 55    29490
 56    34821
 57    41847
 58    48008
 59    51350
 60    53850
 61    59314
 62    68284
 63    77641
 64    82304
 65    82865
 66    84613
 67    90029
 68    96558
 69    98868
 70    94506
 71    87096
 72    80854
 73    76106
 74    69714
 75    58285
 76    44497
 77    32956
 78    24674
 79    18239
 80    12551
 81     7566
 82     3972
 83     2151
 84     1261
 85      696
 86      372
 87      217
 88      116
 89       45
 90       22
 91       16
 92       10
 93        6
 94        2
Reachable: 1814400
Missing: 1814400

Number of moves: 6
0143658792
2143658790
2143658709
2143650789
2143056789
2103456789
0123456789
Number of moves: 46
1436075892
1436570892
1436579802
1436579820
0436579821
4036579821
4630579821
4637509821
4637589021
4637589120
0637589124
3607589124
3657089124
3657980124
3657982104
3657982140
0657982143
6057982143
6750982143
6758902143
6758912043
6758912340
0758912346
5708912346
5798012346
5798210346
5798214306
5798214360
0798214365
7098214365
7890214365
7891204365
7891234065
7891234560
0891234567
8091234567
8190234567
8193204567
8193254067
8193254760
0193254768
9103254768
9123054768
9123450768
9123456708
9123456780
0123456789
