[1/1] Visiting http://www.usp.br
[2/2] Visiting http://www5.usp.br
[3/75] Visiting http://www5.usp.br/wp-json
[4/75] Visiting http://www5.usp.br/ensino
[5/85] Visiting http://www5.usp.br/ensino/graduacao
[6/92] Visiting http://www5.usp.br/ensino/pos-graduacao
[7/104] Visiting http://www5.usp.br/ensino/educacao-a-distancia
[8/114] Visiting http://www5.usp.br/ensino/cursos-de-extensao
[9/122] Visiting http://www5.usp.br/pesquisa
[10/129] Visiting http://www5.usp.br/pesquisa/pesquisa-na-usp
[11/137] Visiting http://www5.usp.br/pesquisa/inovacao-tecnologica
[12/144] Visiting http://www5.usp.br/pesquisa/bibliotecas
[13/156] Visiting http://www5.usp.br/pesquisa/acervos-online
[14/164] Visiting http://www5.usp.br/extensao
[15/171] Visiting http://www5.usp.br/extensao/artes-e-esportes
[16/185] Visiting http://www5.usp.br/extensao/saude
[17/193] Visiting http://www5.usp.br/extensao/museus
[18/215] Visiting http://www5.usp.br/institucional
[19/227] Visiting http://www5.usp.br/institucional/a-usp
[20/237] Visiting http://www.leginf.usp.br/?resolucao=resolucao-no-4871-de-22-de-outubro-de-2001
[21/287] Visiting http://www5.usp.br/institucional/organizacao-administrativa
[22/328] Visiting http://www5.usp.br/institucional/escolas-faculdades-e-institutos
[23/375] Visiting http://www5.usp.br/institucional/cooperacao-internacional
[24/382] Visiting http://www5.usp.br/institucional/concursos-e-licitacoes
[25/395] Visiting http://jornal.usp.br
[26/472] Visiting http://www5.usp.br/servicos
[27/574] Visiting http://www5.usp.br/ensino/graduacao/como-estudar-na-usp
[28/584] Visiting http://www.usp.br/mapas
[29/623] Visiting http://www5.usp.br/english/?lang=en
[30/678] Visiting http://www5.usp.br/fale-com-a-usp
[31/685] Visiting http://www5.usp.br/gerar-feed
[32/693] Visiting http://email.usp.br
[33/693] Visiting https://uspdigital.usp.br/wsusuario
[34/694] Visiting http://www.transparencia.usp.br
[35/703] Visiting http://www5.usp.br/english/talk-to-usp/?lang=en
[36/715] Visiting http://www.eventos.usp.br
[37/857] Visiting http://www.eventos.usp.br/?events=estao-abertas-as-inscricoes-para-a-escola-de-quimica-computacional
[38/861] Visiting http://www.eventos.usp.br/?events=estao-abertas-as-inscricoes-para-a-escola-de-quimica-computacional-2
[39/870] Visiting http://www.eventos.usp.br/?events=consumo-convergencia-economica-e-pegada-de-carbono-sao-temas-de-workshop
[40/877] Visiting http://www.eventos.usp.br/?events=piracicaba-sedia-aulas-abertas-de-microeconomia-aplicada
[41/882] Visiting http://www.eventos.usp.br/?events=troca-e-participacao-na-era-do-fim-e-tema-de-palestra-no-instituto-de-estudos-avancados
[42/887] Visiting http://www.eventos.usp.br/?events=balanco-sobre-a-historia-dos-indios-no-brasil-e-tema-de-seminario-na-usp
[43/893] Visiting http://www.eventos.usp.br/?events=encontro-aborda-os-25-anos-de-historia-dos-indios-no-brasil
[44/897] Visiting http://www.eventos.usp.br/?events=faculdade-de-direito-realiza-debate-sobre-moeda-e-lei
[45/900] Visiting http://www.eventos.usp.br/?events=pesquisadores-da-usp-participam-do-i-bionergy-symposium
[46/906] Visiting http://www.eventos.usp.br/?events=usp-lanca-observatorio-de-universidades-empreendedoras
[47/909] Visiting http://www.reitoria.usp.br/?page_id=1504
[48/927] Visiting http://jornal.usp.br/ciencias/ciencias-biologicas/caes-lambem-a-propria-boca-diante-de-emocoes-negativas-diz-estudo
[49/943] Visiting http://jornal.usp.br/universidade/extensao/projeto-da-usp-quer-ampliar-presenca-feminina-no-mundo-da-tecnologia
[50/961] Visiting http://jornal.usp.br/universidade/ingresso/fuvest-divulga-nota-de-corte-da-1a-fase-do-vestibular-usp-2018
[51/972] Visiting http://jornal.usp.br/universidade/usp-unesp-e-unicamp-reavaliam-seus-indicadores-de-desempenho-institucional
[52/982] Visiting http://jornal.usp.br/institucional/obras-do-acervo-do-ieb-integram-exposicao-inedita-sobre-tarsila-do-amaral
[53/998] Visiting http://jornal.usp.br/institucional/osusp-encerra-temporada-com-concerto-dedicado-a-compositores-brasileiros
[54/1007] Visiting http://jornal.usp.br/institucional/prefeitura-do-campus-da-capital-regulamenta-os-ensaios-das-baterias
[55/1019] Visiting http://jornal.usp.br/feed
[56/1048] Visiting http://jornal.usp.br/radio-usp/radioagencia-usp/manha-com-bach-traz-cantatas-criadas-para-o-natal-de-1725-2
[57/1057] Visiting http://jornal.usp.br/atualidades/aids-os-avancos-e-retrocessos-relacionados-a-enfermidade
[58/1066] Visiting http://jornal.usp.br/atualidades/documentario-inedito-mapeia-as-lutas-por-direitos-humanos
[59/1074] Visiting http://jornal.usp.br/atualidades/osusp-encerra-o-ano-com-uniao-de-orquestras-na-sala-sao-paulo
[60/1079] Visiting http://jornal.usp.br/atualidades/marisa-midori-revela-a-biblioteca-de-matthias-corvinus
[61/1090] Visiting http://www5.usp.br/fale-com-o-reitor
[62/1097] Visiting http://www.app.usp.br
[63/1106] Visiting http://www.usp.br/imprensa/?cat=2416
[64/1133] Visiting http://www5.usp.br/creditos
[65/1140] Visiting http://www5.usp.br/direitos-autorais
[66/1147] Visiting https://uspdigital.usp.br/telefonia/listaTelefonica
[67/1148] Visiting https://uspdigital.usp.br/urania/pessoaListar?incfonema=sim&codund=0&nomabvset=&incalu=aluno&incfun=funcionario&incdoc=docente
[68/1148] Visiting http://buscaintegrada.usp.br/primo_library/libweb/action/search.do
[69/1148] Visiting https://uspdigital.usp.br/anuario
[70/1148] Visiting http://www.jornal.usp.br
[71/1152] Visiting http://imagens.usp.br
[72/1360] Visiting http://usp.br
[73/1360] Visiting http://jornal.usp.br/radio
[74/1426] Visiting http://jornal.usp.br/revista-usp
[75/1475] Visiting http://www.imprensa.usp.br
[76/1495] Visiting http://www5.usp.br/?p=6330
[77/1498] Visiting http://www5.usp.br/wp-json/oembed/1.0/embed?url=http%3A%2F%2Fwww5.usp.br%2Fensino%2F
[78/1498] Visiting http://www5.usp.br/wp-json/oembed/1.0/embed?url=http%3A%2F%2Fwww5.usp.br%2Fensino%2F&
[79/1498] Visiting http://www5.usp.br/ensino/english/?lang=en
[80/1498] Visiting http://www5.usp.br/ensino/fale-com-a-usp
[81/1502] Visiting http://www5.usp.br/ensino/gerar-feed
[82/1506] Visiting http://www5.usp.br/ensino/english/talk-to-usp/?lang=en
[83/1511] Visiting http://www5.usp.br/ensino/graduacao/cursos-oferecidos
[84/1612] Visiting http://www5.usp.br/ensino/pos-graduacao/os-programas-da-pos-graduacao
[85/1621] Visiting http://www5.usp.br/ensino/pos-graduacao/como-ingressar-na-pos-graduacao
[86/1628] Visiting http://www5.usp.br/?p=529
[87/1631] Visiting http://www5.usp.br/wp-json/oembed/1.0/embed?url=http%3A%2F%2Fwww5.usp.br%2Fensino%2Fgraduacao%2F
[88/1631] Visiting http://www5.usp.br/wp-json/oembed/1.0/embed?url=http%3A%2F%2Fwww5.usp.br%2Fensino%2Fgraduacao%2F&
[89/1631] Visiting http://www5.usp.br/ensino/graduacao/english/?lang=en
[90/1631] Visiting http://www5.usp.br/ensino/graduacao/fale-com-a-usp
[91/1635] Visiting http://www5.usp.br/ensino/graduacao/gerar-feed
[92/1639] Visiting http://www5.usp.br/ensino/graduacao/english/talk-to-usp/?lang=en
[93/1644] Visiting http://www5.usp.br/?p=537
[94/1647] Visiting http://www5.usp.br/wp-json/oembed/1.0/embed?url=http%3A%2F%2Fwww5.usp.br%2Fensino%2Fpos-graduacao%2F
[95/1647] Visiting http://www5.usp.br/wp-json/oembed/1.0/embed?url=http%3A%2F%2Fwww5.usp.br%2Fensino%2Fpos-graduacao%2F&
[96/1647] Visiting http://www5.usp.br/ensino/pos-graduacao/english/?lang=en
[97/1647] Visiting http://www5.usp.br/ensino/pos-graduacao/fale-com-a-usp
[98/1651] Visiting http://www5.usp.br/ensino/pos-graduacao/gerar-feed
[99/1655] Visiting http://www5.usp.br/ensino/pos-graduacao/english/talk-to-usp/?lang=en
[100/1660] Visiting http://www.prpg.usp.br/index.php/pt-br/faca-pos-na-usp/ache-um-programa
