[1/1] Visiting http://www.usp.br
[2/2] Visiting http://www5.usp.br
[3/76] Visiting http://www5.usp.br/wp-json
[4/76] Visiting http://www5.usp.br/ensino
[5/86] Visiting http://www5.usp.br/ensino/graduacao
[6/93] Visiting http://www5.usp.br/ensino/pos-graduacao
[7/105] Visiting http://www5.usp.br/ensino/educacao-a-distancia
[8/115] Visiting http://www5.usp.br/ensino/cursos-de-extensao
[9/123] Visiting http://www5.usp.br/pesquisa
[10/130] Visiting http://www5.usp.br/pesquisa/pesquisa-na-usp
[11/138] Visiting http://www5.usp.br/pesquisa/inovacao-tecnologica
[12/146] Visiting http://www5.usp.br/pesquisa/bibliotecas
[13/158] Visiting http://www5.usp.br/pesquisa/acervos-online
[14/166] Visiting http://www5.usp.br/extensao
[15/173] Visiting http://www5.usp.br/extensao/artes-e-esportes
[16/187] Visiting http://www5.usp.br/extensao/saude
[17/196] Visiting http://www5.usp.br/extensao/museus
[18/219] Visiting http://www5.usp.br/institucional
[19/232] Visiting http://www5.usp.br/institucional/a-usp
[20/241] Visiting http://www.leginf.usp.br/?resolucao=resolucao-no-4871-de-22-de-outubro-de-2001
[21/290] Visiting http://www5.usp.br/institucional/organizacao-administrativa
[22/334] Visiting http://www5.usp.br/institucional/escolas-faculdades-e-institutos
[23/382] Visiting http://www5.usp.br/institucional/cooperacao-internacional
[24/389] Visiting http://www5.usp.br/institucional/concursos-e-licitacoes
[25/402] Visiting http://jornal.usp.br
