720 vertices and 840 edges
  0        1
  1        2
  2        3
  3        5
  4        6
  5        7
  6       10
  7       12
  8       12
  9       16
 10       23
 11       25
 12       28
 13       39
 14       44
 15       40
 16       29
 17       21
 18       18
 19       12
 20        6
 21        1
Reachable: 360
Missing: 360

Number of moves: 14
012534
512034
512304
512340
510342
501342
051342
351042
351402
301452
310452
312450
312405
312045
012345
Number of moves: 9
504132
054132
154032
154302
104352
140352
142350
142305
102345
012345
No solution
