720 vertices and 840 edges
  0        1
  1        2
  2        3
  3        5
  4        6
  5        7
  6       10
  7       12
  8       12
  9       16
 10       23
 11       25
 12       28
 13       39
 14       44
 15       40
 16       29
 17       21
 18       18
 19       12
 20        6
 21        1
Reachable: 360
Missing: 360

Number of moves: 14
. 1 2 
5 3 4 

5 1 2 
. 3 4 

5 1 2 
3 . 4 

5 1 2 
3 4 . 

5 1 . 
3 4 2 

5 . 1 
3 4 2 

. 5 1 
3 4 2 

3 5 1 
. 4 2 

3 5 1 
4 . 2 

3 . 1 
4 5 2 

3 1 . 
4 5 2 

3 1 2 
4 5 . 

3 1 2 
4 . 5 

3 1 2 
. 4 5 

. 1 2 
3 4 5 

Number of moves: 9
5 . 4 
1 3 2 

. 5 4 
1 3 2 

1 5 4 
. 3 2 

1 5 4 
3 . 2 

1 . 4 
3 5 2 

1 4 . 
3 5 2 

1 4 2 
3 5 . 

1 4 2 
3 . 5 

1 . 2 
3 4 5 

. 1 2 
3 4 5 

No solution
